<?xml version="1.0" encoding="UTF-8"?>
<testng-results ignored="0" total="12" passed="11" failed="1" skipped="0">
  <reporter-output>
  </reporter-output>
  <suite started-at="2022-09-18T23:24:46 IST" name="Suite" finished-at="2022-09-18T23:24:46 IST" duration-ms="111">
    <groups>
      <group name="system">
        <method signature="Day3.server_Coverage()[pri:0, instance:demo1.Day3@52e6fdee]" name="server_Coverage" class="demo1.Day3"/>
        <method signature="Day4.retest()[pri:0, instance:demo1.Day4@6c80d78a]" name="retest" class="demo1.Day4"/>
      </group> <!-- system -->
      <group name="smoke">
        <method signature="Day3.buildstable_Retest()[pri:0, instance:demo1.Day3@52e6fdee]" name="buildstable_Retest" class="demo1.Day3"/>
        <method signature="Day4.datafetch()[pri:0, instance:demo1.Day4@6c80d78a]" name="datafetch" class="demo1.Day4"/>
        <method signature="Day2.buildstable()[pri:0, instance:demo1.Day2@14dd9eb7]" name="buildstable" class="demo1.Day2"/>
      </group> <!-- smoke -->
    </groups>
    <test started-at="2022-09-18T23:24:46 IST" name="Test" finished-at="2022-09-18T23:24:46 IST" duration-ms="111">
      <class name="demo1.Day5">
        <test-method signature="password()[pri:0, instance:demo1.Day5@62150f9e]" started-at="2022-09-18T23:24:46 IST" name="password" finished-at="2022-09-18T23:24:46 IST" duration-ms="1" status="PASS">
          <reporter-output>
          </reporter-output>
        </test-method> <!-- password -->
        <test-method signature="userdetail(java.lang.String,java.lang.String)[pri:0, instance:demo1.Day5@62150f9e]" started-at="2022-09-18T23:24:46 IST" name="userdetail" finished-at="2022-09-18T23:24:46 IST" duration-ms="0" status="FAIL">
          <exception class="org.testng.TestNGException">
            <message>
              <![CDATA[
Parameter 'sanchu' is required by @Test on method userdetail but has not been marked @Optional or defined
in C:\Users\vishc\eclipse-workspace\TestNgDemo\testng.xml]]>
            </message>
            <full-stacktrace>
              <![CDATA[org.testng.TestNGException: 
Parameter 'sanchu' is required by @Test on method userdetail but has not been marked @Optional or defined
in C:\Users\vishc\eclipse-workspace\TestNgDemo\testng.xml
at org.testng.internal.Parameters.createParams(Parameters.java:270)
at org.testng.internal.Parameters.createParametersForMethod(Parameters.java:358)
at org.testng.internal.Parameters.createParameters(Parameters.java:700)
at org.testng.internal.Parameters.handleParameters(Parameters.java:884)
at org.testng.internal.Parameters.handleParameters(Parameters.java:740)
at org.testng.internal.ParameterHandler.handleParameters(ParameterHandler.java:59)
at org.testng.internal.ParameterHandler.createParameters(ParameterHandler.java:38)
at org.testng.internal.TestInvoker$MethodInvocationAgent.invoke(TestInvoker.java:791)
at org.testng.internal.TestInvoker.invokeTestMethods(TestInvoker.java:146)
at org.testng.internal.TestMethodWorker.invokeTestMethods(TestMethodWorker.java:146)
at org.testng.internal.TestMethodWorker.run(TestMethodWorker.java:128)
at java.base/java.util.ArrayList.forEach(ArrayList.java:1511)
at org.testng.TestRunner.privateRun(TestRunner.java:794)
at org.testng.TestRunner.run(TestRunner.java:596)
at org.testng.SuiteRunner.runTest(SuiteRunner.java:377)
at org.testng.SuiteRunner.runSequentially(SuiteRunner.java:371)
at org.testng.SuiteRunner.privateRun(SuiteRunner.java:332)
at org.testng.SuiteRunner.run(SuiteRunner.java:276)
at org.testng.SuiteRunnerWorker.runSuite(SuiteRunnerWorker.java:53)
at org.testng.SuiteRunnerWorker.run(SuiteRunnerWorker.java:96)
at org.testng.TestNG.runSuitesSequentially(TestNG.java:1212)
at org.testng.TestNG.runSuitesLocally(TestNG.java:1134)
at org.testng.TestNG.runSuites(TestNG.java:1063)
at org.testng.TestNG.run(TestNG.java:1031)
at org.testng.remote.AbstractRemoteTestNG.run(AbstractRemoteTestNG.java:115)
at org.testng.remote.RemoteTestNG.initAndRun(RemoteTestNG.java:251)
at org.testng.remote.RemoteTestNG.main(RemoteTestNG.java:77)
]]>
            </full-stacktrace>
          </exception> <!-- org.testng.TestNGException -->
          <reporter-output>
          </reporter-output>
        </test-method> <!-- userdetail -->
      </class> <!-- demo1.Day5 -->
      <class name="demo1.Day4">
        <test-method is-config="true" signature="database()[pri:0, instance:demo1.Day4@6c80d78a]" started-at="2022-09-18T23:24:46 IST" name="database" finished-at="2022-09-18T23:24:46 IST" duration-ms="0" status="PASS">
          <reporter-output>
          </reporter-output>
        </test-method> <!-- database -->
        <test-method signature="datafetch()[pri:0, instance:demo1.Day4@6c80d78a]" started-at="2022-09-18T23:24:46 IST" name="datafetch" finished-at="2022-09-18T23:24:46 IST" duration-ms="1" status="PASS">
          <reporter-output>
          </reporter-output>
        </test-method> <!-- datafetch -->
        <test-method is-config="true" signature="logoutdatabase()[pri:0, instance:demo1.Day4@6c80d78a]" started-at="2022-09-18T23:24:46 IST" name="logoutdatabase" finished-at="2022-09-18T23:24:46 IST" duration-ms="2" status="PASS">
          <reporter-output>
          </reporter-output>
        </test-method> <!-- logoutdatabase -->
        <test-method signature="retest()[pri:0, instance:demo1.Day4@6c80d78a]" started-at="2022-09-18T23:24:46 IST" name="retest" finished-at="2022-09-18T23:24:46 IST" duration-ms="2" status="PASS">
          <reporter-output>
          </reporter-output>
        </test-method> <!-- retest -->
        <test-method is-config="true" signature="database()[pri:0, instance:demo1.Day4@6c80d78a]" started-at="2022-09-18T23:24:46 IST" name="database" finished-at="2022-09-18T23:24:46 IST" duration-ms="0" status="PASS">
          <reporter-output>
          </reporter-output>
        </test-method> <!-- database -->
        <test-method is-config="true" signature="logoutdatabase()[pri:0, instance:demo1.Day4@6c80d78a]" started-at="2022-09-18T23:24:46 IST" name="logoutdatabase" finished-at="2022-09-18T23:24:46 IST" duration-ms="0" status="PASS">
          <reporter-output>
          </reporter-output>
        </test-method> <!-- logoutdatabase -->
        <test-method is-config="true" signature="closemethod()[pri:0, instance:demo1.Day4@6c80d78a]" started-at="2022-09-18T23:24:46 IST" name="closemethod" finished-at="2022-09-18T23:24:46 IST" duration-ms="0" status="PASS">
          <reporter-output>
          </reporter-output>
        </test-method> <!-- closemethod -->
      </class> <!-- demo1.Day4 -->
      <class name="demo1.Day1">
        <test-method is-config="true" signature="url()[pri:0, instance:demo1.Day1@59fd97a8]" started-at="2022-09-18T23:24:46 IST" name="url" finished-at="2022-09-18T23:24:46 IST" duration-ms="7" status="PASS">
          <reporter-output>
          </reporter-output>
        </test-method> <!-- url -->
        <test-method is-config="true" signature="login()[pri:0, instance:demo1.Day1@59fd97a8]" started-at="2022-09-18T23:24:46 IST" name="login" finished-at="2022-09-18T23:24:46 IST" duration-ms="2" status="PASS">
          <reporter-output>
          </reporter-output>
        </test-method> <!-- login -->
        <test-method signature="password()[pri:0, instance:demo1.Day1@59fd97a8]" started-at="2022-09-18T23:24:46 IST" name="password" finished-at="2022-09-18T23:24:46 IST" duration-ms="8" status="PASS">
          <reporter-output>
          </reporter-output>
        </test-method> <!-- password -->
        <test-method signature="username()[pri:0, instance:demo1.Day1@59fd97a8]" started-at="2022-09-18T23:24:46 IST" name="username" finished-at="2022-09-18T23:24:46 IST" duration-ms="3" status="PASS">
          <reporter-output>
          </reporter-output>
        </test-method> <!-- username -->
        <test-method is-config="true" signature="logout()[pri:0, instance:demo1.Day1@59fd97a8]" started-at="2022-09-18T23:24:46 IST" name="logout" finished-at="2022-09-18T23:24:46 IST" duration-ms="1" status="PASS">
          <reporter-output>
          </reporter-output>
        </test-method> <!-- logout -->
      </class> <!-- demo1.Day1 -->
      <class name="demo1.Day3">
        <test-method is-config="true" signature="cloud()[pri:0, instance:demo1.Day3@52e6fdee]" started-at="2022-09-18T23:24:46 IST" name="cloud" finished-at="2022-09-18T23:24:46 IST" duration-ms="1" status="PASS">
          <reporter-output>
          </reporter-output>
        </test-method> <!-- cloud -->
        <test-method signature="buildstable_Retest()[pri:0, instance:demo1.Day3@52e6fdee]" started-at="2022-09-18T23:24:46 IST" name="buildstable_Retest" finished-at="2022-09-18T23:24:46 IST" duration-ms="1" status="PASS">
          <reporter-output>
          </reporter-output>
        </test-method> <!-- buildstable_Retest -->
        <test-method is-config="true" signature="logoutcloud()[pri:0, instance:demo1.Day3@52e6fdee]" started-at="2022-09-18T23:24:46 IST" name="logoutcloud" finished-at="2022-09-18T23:24:46 IST" duration-ms="0" status="PASS">
          <reporter-output>
          </reporter-output>
        </test-method> <!-- logoutcloud -->
        <test-method signature="server_Coverage()[pri:0, instance:demo1.Day3@52e6fdee]" started-at="2022-09-18T23:24:46 IST" name="server_Coverage" finished-at="2022-09-18T23:24:46 IST" duration-ms="2" status="PASS">
          <reporter-output>
          </reporter-output>
        </test-method> <!-- server_Coverage -->
        <test-method is-config="true" signature="cloud()[pri:0, instance:demo1.Day3@52e6fdee]" started-at="2022-09-18T23:24:46 IST" name="cloud" finished-at="2022-09-18T23:24:46 IST" duration-ms="0" status="PASS">
          <reporter-output>
          </reporter-output>
        </test-method> <!-- cloud -->
        <test-method is-config="true" signature="logoutcloud()[pri:0, instance:demo1.Day3@52e6fdee]" started-at="2022-09-18T23:24:46 IST" name="logoutcloud" finished-at="2022-09-18T23:24:46 IST" duration-ms="2" status="PASS">
          <reporter-output>
          </reporter-output>
        </test-method> <!-- logoutcloud -->
      </class> <!-- demo1.Day3 -->
      <class name="demo1.Day2">
        <test-method signature="addemplee()[pri:0, instance:demo1.Day2@14dd9eb7]" started-at="2022-09-18T23:24:46 IST" name="addemplee" finished-at="2022-09-18T23:24:46 IST" duration-ms="3" status="PASS">
          <reporter-output>
          </reporter-output>
        </test-method> <!-- addemplee -->
        <test-method signature="createyser()[pri:0, instance:demo1.Day2@14dd9eb7]" started-at="2022-09-18T23:24:46 IST" name="createyser" finished-at="2022-09-18T23:24:46 IST" duration-ms="3" status="PASS">
          <reporter-output>
          </reporter-output>
        </test-method> <!-- createyser -->
        <test-method signature="buildstable()[pri:0, instance:demo1.Day2@14dd9eb7]" started-at="2022-09-18T23:24:46 IST" name="buildstable" finished-at="2022-09-18T23:24:46 IST" duration-ms="1" status="PASS">
          <reporter-output>
          </reporter-output>
        </test-method> <!-- buildstable -->
        <test-method signature="homepage()[pri:0, instance:demo1.Day2@14dd9eb7]" started-at="2022-09-18T23:24:46 IST" name="homepage" finished-at="2022-09-18T23:24:46 IST" depends-on-methods="demo1.Day2.addemplee, demo1.Day2.createyser" duration-ms="2" status="PASS">
          <reporter-output>
          </reporter-output>
        </test-method> <!-- homepage -->
      </class> <!-- demo1.Day2 -->
    </test> <!-- Test -->
  </suite> <!-- Suite -->
</testng-results>
